{"/Users/bethany/Desktop/Workspace/EmployeeSVC/src/app.ts": {"path":"/Users/bethany/Desktop/Workspace/EmployeeSVC/src/app.ts","statementMap":{"0":{"start":{"line":1,"column":0},"end":{"line":1,"column":44}},"1":{"start":{"line":2,"column":0},"end":{"line":2,"column":55}},"2":{"start":{"line":3,"column":0},"end":{"line":3,"column":43}},"3":{"start":{"line":10,"column":8},"end":{"line":10,"column":null}},"4":{"start":{"line":11,"column":8},"end":{"line":11,"column":47}},"5":{"start":{"line":12,"column":8},"end":{"line":20,"column":12}},"6":{"start":{"line":21,"column":8},"end":{"line":21,"column":null}},"7":{"start":{"line":26,"column":7},"end":{"line":26,"column":36}},"8":{"start":{"line":27,"column":7},"end":{"line":30,"column":null}},"9":{"start":{"line":28,"column":67},"end":{"line":30,"column":10}},"10":{"start":{"line":29,"column":14},"end":{"line":29,"column":99}},"11":{"start":{"line":35,"column":8},"end":{"line":37,"column":11}},"12":{"start":{"line":36,"column":12},"end":{"line":36,"column":68}},"13":{"start":{"line":41,"column":7},"end":{"line":41,"column":null}},"14":{"start":{"line":46,"column":0},"end":{"line":46,"column":37}}},"fnMap":{"0":{"name":"(anonymous_8)","decl":{"start":{"line":9,"column":4},"end":{"line":9,"column":null}},"loc":{"start":{"line":9,"column":4},"end":{"line":22,"column":5}}},"1":{"name":"(anonymous_9)","decl":{"start":{"line":25,"column":12},"end":{"line":25,"column":28}},"loc":{"start":{"line":25,"column":28},"end":{"line":31,"column":5}}},"2":{"name":"(anonymous_10)","decl":{"start":{"line":28,"column":13},"end":{"line":28,"column":20}},"loc":{"start":{"line":28,"column":67},"end":{"line":30,"column":10}}},"3":{"name":"(anonymous_11)","decl":{"start":{"line":28,"column":67},"end":{"line":28,"column":null}},"loc":{"start":{"line":28,"column":67},"end":{"line":30,"column":9}}},"4":{"name":"(anonymous_12)","decl":{"start":{"line":34,"column":4},"end":{"line":34,"column":9}},"loc":{"start":{"line":34,"column":29},"end":{"line":38,"column":5}}},"5":{"name":"(anonymous_13)","decl":{"start":{"line":35,"column":37},"end":{"line":35,"column":40}},"loc":{"start":{"line":35,"column":42},"end":{"line":37,"column":9}}},"6":{"name":"(anonymous_14)","decl":{"start":{"line":40,"column":4},"end":{"line":40,"column":18}},"loc":{"start":{"line":40,"column":18},"end":{"line":42,"column":5}}}},"branchMap":{},"s":{"0":2,"1":2,"2":2,"3":2,"4":2,"5":2,"6":2,"7":2,"8":2,"9":1,"10":1,"11":0,"12":0,"13":2,"14":2},"f":{"0":2,"1":2,"2":1,"3":1,"4":0,"5":0,"6":2},"b":{}}
,"/Users/bethany/Desktop/Workspace/EmployeeSVC/src/controllers/employee-controller.ts": {"path":"/Users/bethany/Desktop/Workspace/EmployeeSVC/src/controllers/employee-controller.ts","statementMap":{"0":{"start":{"line":2,"column":0},"end":{"line":2,"column":69}},"1":{"start":{"line":4,"column":0},"end":{"line":4,"column":34}},"2":{"start":{"line":8,"column":0},"end":{"line":14,"column":null}},"3":{"start":{"line":12,"column":7},"end":{"line":12,"column":42}},"4":{"start":{"line":11,"column":4},"end":{"line":13,"column":null}},"5":{"start":{"line":8,"column":6},"end":{"line":14,"column":null}},"6":{"start":{"line":16,"column":0},"end":{"line":16,"column":null}}},"fnMap":{"0":{"name":"(anonymous_10)","decl":{"start":{"line":11,"column":17},"end":{"line":11,"column":29}},"loc":{"start":{"line":11,"column":29},"end":{"line":13,"column":null}}}},"branchMap":{},"s":{"0":3,"1":3,"2":3,"3":1,"4":3,"5":3,"6":3},"f":{"0":1},"b":{}}
,"/Users/bethany/Desktop/Workspace/EmployeeSVC/src/middlewares/auth.ts": {"path":"/Users/bethany/Desktop/Workspace/EmployeeSVC/src/middlewares/auth.ts","statementMap":{"0":{"start":{"line":1,"column":0},"end":{"line":1,"column":29}},"1":{"start":{"line":2,"column":0},"end":{"line":2,"column":30}},"2":{"start":{"line":3,"column":0},"end":{"line":3,"column":27}},"3":{"start":{"line":4,"column":0},"end":{"line":4,"column":16}},"4":{"start":{"line":7,"column":4},"end":{"line":18,"column":null}},"5":{"start":{"line":20,"column":4},"end":{"line":22,"column":null}},"6":{"start":{"line":25,"column":0},"end":{"line":25,"column":null}}},"fnMap":{"0":{"name":"(anonymous_1)","decl":{"start":{"line":6,"column":0},"end":{"line":6,"column":6}},"loc":{"start":{"line":6,"column":0},"end":{"line":23,"column":1}}}},"branchMap":{},"s":{"0":2,"1":2,"2":2,"3":2,"4":2,"5":2,"6":2},"f":{"0":2},"b":{}}
,"/Users/bethany/Desktop/Workspace/EmployeeSVC/src/repositories/employee-repository.ts": {"path":"/Users/bethany/Desktop/Workspace/EmployeeSVC/src/repositories/employee-repository.ts","statementMap":{"0":{"start":{"line":2,"column":0},"end":{"line":2,"column":60}},"1":{"start":{"line":6,"column":12},"end":{"line":55,"column":37}},"2":{"start":{"line":56,"column":12},"end":{"line":56,"column":null}},"3":{"start":{"line":58,"column":12},"end":{"line":58,"column":56}},"4":{"start":{"line":61,"column":7},"end":{"line":61,"column":null}},"5":{"start":{"line":66,"column":8},"end":{"line":66,"column":38}},"6":{"start":{"line":70,"column":8},"end":{"line":87,"column":null}},"7":{"start":{"line":71,"column":12},"end":{"line":86,"column":null}},"8":{"start":{"line":73,"column":12},"end":{"line":78,"column":null}},"9":{"start":{"line":80,"column":12},"end":{"line":80,"column":null}},"10":{"start":{"line":83,"column":12},"end":{"line":83,"column":null}},"11":{"start":{"line":85,"column":14},"end":{"line":85,"column":null}},"12":{"start":{"line":91,"column":8},"end":{"line":91,"column":null}},"13":{"start":{"line":95,"column":8},"end":{"line":97,"column":null}},"14":{"start":{"line":96,"column":12},"end":{"line":96,"column":null}},"15":{"start":{"line":101,"column":2},"end":{"line":101,"column":null}}},"fnMap":{"0":{"name":"(anonymous_8)","decl":{"start":{"line":59,"column":4},"end":{"line":59,"column":null}},"loc":{"start":{"line":59,"column":4},"end":{"line":62,"column":5}}},"1":{"name":"(anonymous_9)","decl":{"start":{"line":65,"column":10},"end":{"line":65,"column":16}},"loc":{"start":{"line":65,"column":16},"end":{"line":67,"column":null}}},"2":{"name":"(anonymous_11)","decl":{"start":{"line":69,"column":10},"end":{"line":69,"column":25}},"loc":{"start":{"line":69,"column":47},"end":{"line":88,"column":null}}},"3":{"name":"(anonymous_13)","decl":{"start":{"line":70,"column":26},"end":{"line":70,"column":34}},"loc":{"start":{"line":70,"column":36},"end":{"line":87,"column":8}}},"4":{"name":"(anonymous_14)","decl":{"start":{"line":71,"column":58},"end":{"line":71,"column":65}},"loc":{"start":{"line":71,"column":67},"end":{"line":84,"column":11}}},"5":{"name":"(anonymous_15)","decl":{"start":{"line":84,"column":19},"end":{"line":84,"column":24}},"loc":{"start":{"line":84,"column":26},"end":{"line":86,"column":11}}},"6":{"name":"(anonymous_16)","decl":{"start":{"line":90,"column":10},"end":{"line":90,"column":27}},"loc":{"start":{"line":90,"column":47},"end":{"line":92,"column":null}}},"7":{"name":"(anonymous_18)","decl":{"start":{"line":94,"column":10},"end":{"line":94,"column":29}},"loc":{"start":{"line":94,"column":62},"end":{"line":98,"column":null}}}},"branchMap":{"0":{"loc":{"start":{"line":95,"column":8},"end":{"line":97,"column":null}},"type":"if","locations":[{"start":{"line":95,"column":8},"end":{"line":97,"column":null}},{"start":{"line":95,"column":8},"end":{"line":97,"column":null}}]}},"s":{"0":4,"1":4,"2":4,"3":4,"4":4,"5":0,"6":5,"7":26,"8":0,"9":0,"10":0,"11":0,"12":27,"13":2,"14":1,"15":4},"f":{"0":4,"1":0,"2":5,"3":26,"4":0,"5":0,"6":27,"7":2},"b":{"0":[1,1]}}
,"/Users/bethany/Desktop/Workspace/EmployeeSVC/src/routes/employee-routes.ts": {"path":"/Users/bethany/Desktop/Workspace/EmployeeSVC/src/routes/employee-routes.ts","statementMap":{"0":{"start":{"line":1,"column":0},"end":{"line":1,"column":68}},"1":{"start":{"line":2,"column":0},"end":{"line":2,"column":38}},"2":{"start":{"line":3,"column":0},"end":{"line":3,"column":47}},"3":{"start":{"line":9,"column":8},"end":{"line":9,"column":19}},"4":{"start":{"line":13,"column":8},"end":{"line":20,"column":null}},"5":{"start":{"line":14,"column":51},"end":{"line":17,"column":10}},"6":{"start":{"line":15,"column":31},"end":{"line":15,"column":70}},"7":{"start":{"line":16,"column":14},"end":{"line":16,"column":40}},"8":{"start":{"line":18,"column":62},"end":{"line":20,"column":10}},"9":{"start":{"line":19,"column":13},"end":{"line":19,"column":null}},"10":{"start":{"line":23,"column":8},"end":{"line":23,"column":24}},"11":{"start":{"line":6,"column":0},"end":{"line":6,"column":13}}},"fnMap":{"0":{"name":"(anonymous_8)","decl":{"start":{"line":8,"column":4},"end":{"line":8,"column":16}},"loc":{"start":{"line":8,"column":32},"end":{"line":10,"column":5}}},"1":{"name":"(anonymous_9)","decl":{"start":{"line":12,"column":4},"end":{"line":12,"column":15}},"loc":{"start":{"line":12,"column":15},"end":{"line":24,"column":5}}},"2":{"name":"(anonymous_10)","decl":{"start":{"line":14,"column":13},"end":{"line":14,"column":20}},"loc":{"start":{"line":14,"column":51},"end":{"line":17,"column":10}}},"3":{"name":"(anonymous_11)","decl":{"start":{"line":14,"column":51},"end":{"line":14,"column":null}},"loc":{"start":{"line":14,"column":51},"end":{"line":17,"column":9}}},"4":{"name":"(anonymous_12)","decl":{"start":{"line":18,"column":28},"end":{"line":18,"column":34}},"loc":{"start":{"line":18,"column":62},"end":{"line":20,"column":10}}},"5":{"name":"(anonymous_13)","decl":{"start":{"line":18,"column":62},"end":{"line":18,"column":null}},"loc":{"start":{"line":18,"column":62},"end":{"line":20,"column":9}}}},"branchMap":{},"s":{"0":2,"1":2,"2":2,"3":2,"4":2,"5":1,"6":1,"7":1,"8":0,"9":0,"10":2,"11":2},"f":{"0":2,"1":2,"2":1,"3":1,"4":0,"5":0},"b":{}}
,"/Users/bethany/Desktop/Workspace/EmployeeSVC/src/utils/countries-http-client.ts": {"path":"/Users/bethany/Desktop/Workspace/EmployeeSVC/src/utils/countries-http-client.ts","statementMap":{"0":{"start":{"line":1,"column":0},"end":{"line":1,"column":26}},"1":{"start":{"line":6,"column":9},"end":{"line":8,"column":13}},"2":{"start":{"line":13,"column":2},"end":{"line":13,"column":null}}},"fnMap":{"0":{"name":"(anonymous_1)","decl":{"start":{"line":5,"column":7},"end":{"line":5,"column":19}},"loc":{"start":{"line":5,"column":34},"end":{"line":9,"column":8}}}},"branchMap":{},"s":{"0":4,"1":4,"2":4},"f":{"0":4},"b":{}}
,"/Users/bethany/Desktop/Workspace/EmployeeSVC/src/utils/routes.ts": {"path":"/Users/bethany/Desktop/Workspace/EmployeeSVC/src/utils/routes.ts","statementMap":{"0":{"start":{"line":6,"column":8},"end":{"line":6,"column":23}},"1":{"start":{"line":7,"column":8},"end":{"line":7,"column":27}},"2":{"start":{"line":2,"column":0},"end":{"line":2,"column":22}}},"fnMap":{"0":{"name":"(anonymous_0)","decl":{"start":{"line":5,"column":4},"end":{"line":5,"column":16}},"loc":{"start":{"line":5,"column":32},"end":{"line":8,"column":5}}}},"branchMap":{},"s":{"0":2,"1":2,"2":2},"f":{"0":2},"b":{}}
}
