TN:
SF:src/app.ts
FN:9,(anonymous_8)
FN:25,(anonymous_9)
FN:28,(anonymous_10)
FN:28,(anonymous_11)
FN:34,(anonymous_12)
FN:35,(anonymous_13)
FN:40,(anonymous_14)
FNF:7
FNH:5
FNDA:2,(anonymous_8)
FNDA:2,(anonymous_9)
FNDA:1,(anonymous_10)
FNDA:1,(anonymous_11)
FNDA:0,(anonymous_12)
FNDA:0,(anonymous_13)
FNDA:2,(anonymous_14)
DA:1,2
DA:2,2
DA:3,2
DA:10,2
DA:11,2
DA:12,2
DA:21,2
DA:26,2
DA:27,2
DA:28,1
DA:29,1
DA:35,0
DA:36,0
DA:41,2
DA:46,2
LF:15
LH:13
BRF:0
BRH:0
end_of_record
TN:
SF:src/controllers/employee-controller.ts
FN:11,(anonymous_10)
FNF:1
FNH:1
FNDA:1,(anonymous_10)
DA:2,3
DA:4,3
DA:8,3
DA:11,3
DA:12,1
DA:16,3
LF:6
LH:6
BRF:0
BRH:0
end_of_record
TN:
SF:src/middlewares/auth.ts
FN:6,(anonymous_1)
FNF:1
FNH:1
FNDA:2,(anonymous_1)
DA:1,2
DA:2,2
DA:3,2
DA:4,2
DA:7,2
DA:20,2
DA:25,2
LF:7
LH:7
BRF:0
BRH:0
end_of_record
TN:
SF:src/repositories/employee-repository.ts
FN:59,(anonymous_8)
FN:65,(anonymous_9)
FN:69,(anonymous_11)
FN:70,(anonymous_13)
FN:71,(anonymous_14)
FN:84,(anonymous_15)
FN:90,(anonymous_16)
FN:94,(anonymous_18)
FNF:8
FNH:5
FNDA:4,(anonymous_8)
FNDA:0,(anonymous_9)
FNDA:5,(anonymous_11)
FNDA:26,(anonymous_13)
FNDA:0,(anonymous_14)
FNDA:0,(anonymous_15)
FNDA:27,(anonymous_16)
FNDA:2,(anonymous_18)
DA:2,4
DA:6,4
DA:56,4
DA:58,4
DA:61,4
DA:66,0
DA:70,5
DA:71,26
DA:73,0
DA:80,0
DA:83,0
DA:85,0
DA:91,27
DA:95,2
DA:96,1
DA:101,4
LF:16
LH:11
BRDA:95,0,0,1
BRDA:95,0,1,1
BRF:2
BRH:2
end_of_record
TN:
SF:src/routes/employee-routes.ts
FN:8,(anonymous_8)
FN:12,(anonymous_9)
FN:14,(anonymous_10)
FN:14,(anonymous_11)
FN:18,(anonymous_12)
FN:18,(anonymous_13)
FNF:6
FNH:4
FNDA:2,(anonymous_8)
FNDA:2,(anonymous_9)
FNDA:1,(anonymous_10)
FNDA:1,(anonymous_11)
FNDA:0,(anonymous_12)
FNDA:0,(anonymous_13)
DA:1,2
DA:2,2
DA:3,2
DA:6,2
DA:9,2
DA:13,2
DA:14,1
DA:15,1
DA:16,1
DA:18,0
DA:19,0
DA:23,2
LF:12
LH:10
BRF:0
BRH:0
end_of_record
TN:
SF:src/utils/countries-http-client.ts
FN:5,(anonymous_1)
FNF:1
FNH:1
FNDA:4,(anonymous_1)
DA:1,4
DA:6,4
DA:13,4
LF:3
LH:3
BRF:0
BRH:0
end_of_record
TN:
SF:src/utils/routes.ts
FN:5,(anonymous_0)
FNF:1
FNH:1
FNDA:2,(anonymous_0)
DA:2,2
DA:6,2
DA:7,2
LF:3
LH:3
BRF:0
BRH:0
end_of_record
